0 silly argv {
0 silly argv   _: [ 'run' ],
0 silly argv   scope: [ '@oyster/common', 'web' ],
0 silly argv   stream: true,
0 silly argv   parallel: true,
0 silly argv   lernaVersion: '3.22.1',
0 silly argv   '$0': 'node_modules/.bin/lerna',
0 silly argv   script: 'start'
0 silly argv }
1 notice cli v3.22.1
2 verbose rootPath /home/rascrypt/metaplex/js
3 info versioning independent
4 info ci enabled
5 notice filter including ["@oyster/common","web"]
6 info filter [ '@oyster/common', 'web' ]
7 info Executing command in 2 packages: "yarn run start"
8 silly npmRunScript.stream [ 'start', [], '@oyster/common' ]
9 silly getExecOpts /home/rascrypt/metaplex/js/packages/common undefined
10 silly npmRunScript.stream [ 'start', [], 'web' ]
11 silly getExecOpts /home/rascrypt/metaplex/js/packages/web undefined
12 error MaxBufferError: stderr maxBuffer exceeded
12 error     at PassThrough.<anonymous> (/home/rascrypt/metaplex/js/node_modules/get-stream/index.js:41:19)
12 error     at PassThrough.emit (node:events:532:35)
12 error     at addChunk (node:internal/streams/readable:315:12)
12 error     at readableAddChunk (node:internal/streams/readable:285:11)
12 error     at PassThrough.Readable.push (node:internal/streams/readable:228:10)
12 error     at node:internal/streams/transform:192:12
12 error     at PassThrough._transform (node:internal/streams/passthrough:46:3)
12 error     at PassThrough.Transform._write (node:internal/streams/transform:184:23)
12 error     at writeOrBuffer (node:internal/streams/writable:389:12)
